<?xml version="1.0" encoding="UTF-8"?>
<!-- Generated by org.testng.reporters.JUnitReportReporter -->
<testsuite hostname="EERO" failures="0" tests="4" name="runnerPackage.RunnerFiles" time="61.814" errors="0" timestamp="2024-05-16T15:29:36 IST" skipped="0">
  <testcase classname="runnerPackage.RunnerFiles" name="runScenario" time="14.500"/>
  <system-out/>
  <testcase classname="runnerPackage.RunnerFiles" name="runScenario" time="14.710"/>
  <system-out/>
  <testcase classname="runnerPackage.RunnerFiles" name="runScenario" time="15.553"/>
  <system-out/>
  <testcase classname="runnerPackage.RunnerFiles" name="runScenario" time="17.051"/>
  <system-out/>
</testsuite> <!-- runnerPackage.RunnerFiles -->
